<?xml version="1.0" encoding="UTF-8"?>
<testng-results ignored="0" total="1" passed="1" failed="0" skipped="0">
  <reporter-output>
  </reporter-output>
  <suite started-at="2022-03-25T06:24:20 IST" name="Default suite" finished-at="2022-03-25T06:24:20 IST" duration-ms="100">
    <groups>
    </groups>
    <test started-at="2022-03-25T06:24:20 IST" name="Default test" finished-at="2022-03-25T06:24:20 IST" duration-ms="100">
      <class name="com.bang.testng">
        <test-method signature="testCase()[pri:0, instance:com.bang.testng@59d016c9]" started-at="2022-03-25T06:24:20 IST" name="testCase" finished-at="2022-03-25T06:24:20 IST" duration-ms="15" status="PASS">
          <reporter-output>
          </reporter-output>
        </test-method> <!-- testCase -->
      </class> <!-- com.bang.testng -->
    </test> <!-- Default test -->
  </suite> <!-- Default suite -->
</testng-results>
